Target Part: A3P250_VQFP100_STD
Report for cell CU_TOP.rtl
  Core Cell usage:
              cell count     area count*area
              AND2     1      1.0        1.0
              AND3     7      1.0        7.0
               AO1     2      1.0        2.0
              AO13     2      1.0        2.0
              AO1A     8      1.0        8.0
              AO1B     1      1.0        1.0
              AOI1     3      1.0        3.0
             AOI1B     7      1.0        7.0
               AX1     9      1.0        9.0
              AX1B     6      1.0        6.0
              AX1C     5      1.0        5.0
             AXOI5     1      1.0        1.0
            CLKINT     3      0.0        0.0
               GND     9      0.0        0.0
               INV    13      1.0       13.0
               MX2    13      1.0       13.0
              MX2A     2      1.0        2.0
              MX2B     3      1.0        3.0
              MX2C     1      1.0        1.0
              NOR2    16      1.0       16.0
             NOR2A    28      1.0       28.0
             NOR2B    43      1.0       43.0
              NOR3     4      1.0        4.0
             NOR3A     7      1.0        7.0
             NOR3B    11      1.0       11.0
             NOR3C    19      1.0       19.0
               OA1     5      1.0        5.0
              OA1A     1      1.0        1.0
              OA1B     1      1.0        1.0
              OA1C     3      1.0        3.0
              OAI1     2      1.0        2.0
               OR2    19      1.0       19.0
              OR2A    17      1.0       17.0
              OR2B     8      1.0        8.0
               OR3     7      1.0        7.0
              OR3A     3      1.0        3.0
              OR3B     2      1.0        2.0
              OR3C     4      1.0        4.0
               VCC     9      0.0        0.0
               XA1     3      1.0        3.0
              XA1B     4      1.0        4.0
              XA1C     3      1.0        3.0
             XAI1A     1      1.0        1.0
             XNOR2     9      1.0        9.0
               XO1     2      1.0        2.0
              XO1A     3      1.0        3.0
              XOR2    20      1.0       20.0


            DFN0C1    10      1.0       10.0
          DFN0E0C1     7      1.0        7.0
          DFN0E1C1     8      1.0        8.0
              DFN1     2      1.0        2.0
            DFN1C1    37      1.0       37.0
            DFN1E0    14      1.0       14.0
          DFN1E0C1    41      1.0       41.0
          DFN1E0P1     5      1.0        5.0
            DFN1E1    10      1.0       10.0
          DFN1E1C1    41      1.0       41.0
          DFN1E1P1     1      1.0        1.0
            DFN1P1     5      1.0        5.0
                   -----          ----------
             TOTAL   531               510.0


  IO Cell usage:
              cell count
             INBUF     3
            OUTBUF     9
                   -----
             TOTAL    12


Core Cells         : 510 of 6144 (8%)
IO Cells           : 12

  RAM/ROM Usage Summary
Block Rams : 0 of 8 (0%)

